<?xml version="1.0" encoding="UTF-8"?>
<testsuite xmlns:xsi="http://www.w3.org/2001/XMLSchema-instance" xsi:noNamespaceSchemaLocation="https://maven.apache.org/surefire/maven-surefire-plugin/xsd/surefire-test-report-3.0.xsd" version="3.0" name="com.knowy.core.user.UserPrivateServiceTest$SendRecoveryPasswordUseCaseTest" time="0.011" tests="4" errors="0" skipped="0" failures="0">
  <properties>
[...]
</properties>
  <testcase name="given_token_when_sendRecoveryPasswordEmailEncodeFail_then_throwKnowyTokenException" classname="com.knowy.core.user.UserPrivateServiceTest$SendRecoveryPasswordUseCaseTest" time="0.003"/>
  <testcase name="given_validEmail_when_sendRecoveryPasswordEmail_then_sendRecoveryAccountEmail" classname="com.knowy.core.user.UserPrivateServiceTest$SendRecoveryPasswordUseCaseTest" time="0.003"/>
  <testcase name="given_validData_when_sendRecoveryPasswordEmail_then_throwKnowyMailDispatchException" classname="com.knowy.core.user.UserPrivateServiceTest$SendRecoveryPasswordUseCaseTest" time="0.002"/>
  <testcase name="given_nonExistentEmail_when_sendRecoveryPasswordMailMessage_then_throwKnowyUserNotFoundException" classname="com.knowy.core.user.UserPrivateServiceTest$SendRecoveryPasswordUseCaseTest" time="0.001"/>
</testsuite>